Build started 4/29/2014 3:46:49 PM.
     1>Project "C:\Users\Kelby\Documents\GitHub\cecs282\Project3\Project3\Project3.vcxproj" on node 2 (Build target(s)).
     1>ClCompile:
         C:\Program Files (x86)\Microsoft Visual Studio 11.0\VC\bin\CL.exe /c /ZI /nologo /W3 /WX- /sdl /Od /Oy- /D WIN32 /D _DEBUG /D _CONSOLE /D _UNICODE /D UNICODE /Gm /EHsc /RTC1 /MDd /GS /fp:precise /Zc:wchar_t /Zc:forScope /Fo"Debug\\" /Fd"Debug\vc110.pdb" /Gd /TP /analyze- /errorReport:prompt TicTacToeBoard.cpp TicTacToeView.cpp main.cpp
         main.cpp
     1>c:\users\kelby\documents\github\cecs282\project3\project3\main.cpp(6): warning C4067: unexpected tokens following preprocessor directive - expected a newline
     1>c:\users\kelby\documents\github\cecs282\project3\project3\main.cpp(74): warning C4018: '<' : signed/unsigned mismatch
     1>c:\users\kelby\documents\github\cecs282\project3\project3\main.cpp(83): warning C4018: '<' : signed/unsigned mismatch
     1>c:\users\kelby\documents\github\cecs282\project3\project3\main.cpp(196): warning C4018: '<' : signed/unsigned mismatch
     1>c:\users\kelby\documents\github\cecs282\project3\project3\main.cpp(250): warning C4018: '<' : signed/unsigned mismatch
     1>c:\users\kelby\documents\github\cecs282\project3\project3\main.cpp(259): warning C4018: '<' : signed/unsigned mismatch
     1>c:\users\kelby\documents\github\cecs282\project3\project3\main.cpp(372): warning C4018: '<' : signed/unsigned mismatch
         TicTacToeView.cpp
         TicTacToeBoard.cpp
         Generating Code...
       Link:
         C:\Program Files (x86)\Microsoft Visual Studio 11.0\VC\bin\link.exe /ERRORREPORT:PROMPT /OUT:"C:\Users\Kelby\Documents\GitHub\cecs282\Project3\Debug\Project3.exe" /INCREMENTAL /NOLOGO kernel32.lib user32.lib gdi32.lib winspool.lib comdlg32.lib advapi32.lib shell32.lib ole32.lib oleaut32.lib uuid.lib odbc32.lib odbccp32.lib /MANIFEST /MANIFESTUAC:"level='asInvoker' uiAccess='false'" /manifest:embed /DEBUG /PDB:"C:\Users\Kelby\Documents\GitHub\cecs282\Project3\Debug\Project3.pdb" /SUBSYSTEM:CONSOLE /TLBID:1 /DYNAMICBASE /NXCOMPAT /IMPLIB:"C:\Users\Kelby\Documents\GitHub\cecs282\Project3\Debug\Project3.lib" /MACHINE:X86 Debug\main.obj
         Debug\OthelloBoard.obj
         Debug\OthelloMove.obj
         Debug\OthelloView.obj
         Debug\TicTacToeBoard.obj
         Debug\TicTacToeMove.obj
         Debug\TicTacToeView.obj
         Project3.vcxproj -> C:\Users\Kelby\Documents\GitHub\cecs282\Project3\Debug\Project3.exe
     1>Done Building Project "C:\Users\Kelby\Documents\GitHub\cecs282\Project3\Project3\Project3.vcxproj" (Build target(s)).

Build succeeded.

Time Elapsed 00:00:02.00
