Build started 2/4/2014 5:59:29 PM.
     1>Project "C:\Users\Kelby\Documents\Spring 2014\CECS 282 C++\ticTacToe\ticTacToe\ticTacToe.vcxproj" on node 2 (Build target(s)).
     1>ClCompile:
         C:\Program Files (x86)\Microsoft Visual Studio 11.0\VC\bin\CL.exe /c /ZI /nologo /W3 /WX- /Od /Oy- /D WIN32 /D _DEBUG /D _CONSOLE /D _UNICODE /D UNICODE /Gm /EHsc /RTC1 /MDd /GS /fp:precise /Zc:wchar_t /Zc:forScope /Fo"Debug\\" /Fd"Debug\vc110.pdb" /Gd /TP /analyze- /errorReport:prompt TicTacToe.cpp main.cpp
         main.cpp
     1>c:\users\kelby\documents\spring 2014\cecs 282 c++\tictactoe\tictactoe\main.cpp(1): warning C4067: unexpected tokens following preprocessor directive - expected a newline
     1>c:\users\kelby\documents\spring 2014\cecs 282 c++\tictactoe\tictactoe\main.cpp(2): warning C4067: unexpected tokens following preprocessor directive - expected a newline
     1>c:\users\kelby\documents\spring 2014\cecs 282 c++\tictactoe\tictactoe\main.cpp(69): warning C4305: '=' : truncation from 'int' to 'char'
     1>c:\users\kelby\documents\spring 2014\cecs 282 c++\tictactoe\tictactoe\main.cpp(69): warning C4309: '=' : truncation of constant value
         TicTacToe.cpp
     1>c:\users\kelby\documents\spring 2014\cecs 282 c++\tictactoe\tictactoe\tictactoe.cpp(3): warning C4067: unexpected tokens following preprocessor directive - expected a newline
         Generating Code...
     1>c:\users\kelby\documents\spring 2014\cecs 282 c++\tictactoe\tictactoe\tictactoe.cpp(65): warning C4715: 'MoveIsValid' : not all control paths return a value
       Link:
         C:\Program Files (x86)\Microsoft Visual Studio 11.0\VC\bin\link.exe /ERRORREPORT:PROMPT /OUT:"C:\Users\Kelby\Documents\Spring 2014\CECS 282 C++\ticTacToe\Debug\ticTacToe.exe" /INCREMENTAL /NOLOGO kernel32.lib user32.lib gdi32.lib winspool.lib comdlg32.lib advapi32.lib shell32.lib ole32.lib oleaut32.lib uuid.lib odbc32.lib odbccp32.lib /MANIFEST /MANIFESTUAC:"level='asInvoker' uiAccess='false'" /manifest:embed /DEBUG /PDB:"C:\Users\Kelby\Documents\Spring 2014\CECS 282 C++\ticTacToe\Debug\ticTacToe.pdb" /SUBSYSTEM:CONSOLE /TLBID:1 /DYNAMICBASE /NXCOMPAT /IMPLIB:"C:\Users\Kelby\Documents\Spring 2014\CECS 282 C++\ticTacToe\Debug\ticTacToe.lib" /MACHINE:X86 Debug\main.obj
         Debug\TicTacToe.obj
         ticTacToe.vcxproj -> C:\Users\Kelby\Documents\Spring 2014\CECS 282 C++\ticTacToe\Debug\ticTacToe.exe
     1>Done Building Project "C:\Users\Kelby\Documents\Spring 2014\CECS 282 C++\ticTacToe\ticTacToe\ticTacToe.vcxproj" (Build target(s)).

Build succeeded.

Time Elapsed 00:00:01.93
