C:\USERS\KELBY\DOCUMENTS\GITHUB\CECS282\PROJECT2\PROJECT2\DEBUG\MAIN.OBJ
C:\USERS\KELBY\DOCUMENTS\GITHUB\CECS282\PROJECT2\PROJECT2\DEBUG\VC110.PDB
C:\USERS\KELBY\DOCUMENTS\GITHUB\CECS282\PROJECT2\PROJECT2\DEBUG\OTHELLOMOVE.OBJ
C:\Users\Kelby\Documents\GitHub\cecs282\Project2\Project2\Debug\main.obj
C:\Users\Kelby\Documents\GitHub\cecs282\Project2\Project2\Debug\OthelloMove.obj
C:\Users\Kelby\Documents\GitHub\cecs282\Project2\Project2\Debug\cl.command.1.tlog
C:\Users\Kelby\Documents\GitHub\cecs282\Project2\Project2\Debug\CL.read.1.tlog
C:\Users\Kelby\Documents\GitHub\cecs282\Project2\Project2\Debug\CL.write.1.tlog
C:\Users\Kelby\Documents\GitHub\cecs282\Project2\Project2\Debug\link-cvtres.read.1.tlog
C:\Users\Kelby\Documents\GitHub\cecs282\Project2\Project2\Debug\link-cvtres.write.1.tlog
C:\Users\Kelby\Documents\GitHub\cecs282\Project2\Project2\Debug\link-rc.read.1.tlog
C:\Users\Kelby\Documents\GitHub\cecs282\Project2\Project2\Debug\link-rc.write.1.tlog
C:\Users\Kelby\Documents\GitHub\cecs282\Project2\Project2\Debug\link.3576-cvtres.read.1.tlog
C:\Users\Kelby\Documents\GitHub\cecs282\Project2\Project2\Debug\link.3576-cvtres.write.1.tlog
C:\Users\Kelby\Documents\GitHub\cecs282\Project2\Project2\Debug\link.3576-rc.read.1.tlog
C:\Users\Kelby\Documents\GitHub\cecs282\Project2\Project2\Debug\link.3576-rc.write.1.tlog
C:\Users\Kelby\Documents\GitHub\cecs282\Project2\Project2\Debug\link.3576.read.1.tlog
C:\Users\Kelby\Documents\GitHub\cecs282\Project2\Project2\Debug\link.3576.write.1.tlog
C:\Users\Kelby\Documents\GitHub\cecs282\Project2\Project2\Debug\link.9004-cvtres.read.1.tlog
C:\Users\Kelby\Documents\GitHub\cecs282\Project2\Project2\Debug\link.9004-cvtres.write.1.tlog
C:\Users\Kelby\Documents\GitHub\cecs282\Project2\Project2\Debug\link.9004-rc.read.1.tlog
C:\Users\Kelby\Documents\GitHub\cecs282\Project2\Project2\Debug\link.9004-rc.write.1.tlog
C:\Users\Kelby\Documents\GitHub\cecs282\Project2\Project2\Debug\link.9004.read.1.tlog
C:\Users\Kelby\Documents\GitHub\cecs282\Project2\Project2\Debug\link.9004.write.1.tlog
C:\Users\Kelby\Documents\GitHub\cecs282\Project2\Project2\Debug\link.command.1.tlog
C:\Users\Kelby\Documents\GitHub\cecs282\Project2\Project2\Debug\link.read.1.tlog
C:\Users\Kelby\Documents\GitHub\cecs282\Project2\Project2\Debug\link.write.1.tlog
C:\Users\Kelby\Documents\GitHub\cecs282\Project2\Project2\Debug\vc110.idb
C:\Users\Kelby\Documents\GitHub\cecs282\Project2\Project2\Debug\vc110.pdb
C:\Users\Kelby\Documents\GitHub\cecs282\Project2\Debug\Project2.pdb
