C:\USERS\KELBY\DOCUMENTS\SPRING 2014\CECS 282 C++\PROJECT1_OTHELLO_GAME\PROJECT1_OTHELLO_GAME\DEBUG\MAIN.OBJ
C:\USERS\KELBY\DOCUMENTS\SPRING 2014\CECS 282 C++\PROJECT1_OTHELLO_GAME\PROJECT1_OTHELLO_GAME\DEBUG\VC110.PDB
C:\USERS\KELBY\DOCUMENTS\SPRING 2014\CECS 282 C++\PROJECT1_OTHELLO_GAME\PROJECT1_OTHELLO_GAME\DEBUG\OTHELLOGAME.OBJ
C:\USERS\KELBY\DOCUMENTS\SPRING 2014\CECS 282 C++\PROJECT1_OTHELLO_GAME\DEBUG\PROJECT1_OTHELLO_GAME.ILK
C:\USERS\KELBY\DOCUMENTS\SPRING 2014\CECS 282 C++\PROJECT1_OTHELLO_GAME\DEBUG\PROJECT1_OTHELLO_GAME.EXE
C:\USERS\KELBY\DOCUMENTS\SPRING 2014\CECS 282 C++\PROJECT1_OTHELLO_GAME\DEBUG\PROJECT1_OTHELLO_GAME.PDB
C:\Users\Kelby\Documents\Spring 2014\CECS 282 C++\project1_Othello_Game\project1_Othello_Game\Debug\main.obj
C:\Users\Kelby\Documents\Spring 2014\CECS 282 C++\project1_Othello_Game\project1_Othello_Game\Debug\OthelloGame.obj
C:\Users\Kelby\Documents\Spring 2014\CECS 282 C++\project1_Othello_Game\project1_Othello_Game\Debug\cl.command.1.tlog
C:\Users\Kelby\Documents\Spring 2014\CECS 282 C++\project1_Othello_Game\project1_Othello_Game\Debug\CL.read.1.tlog
C:\Users\Kelby\Documents\Spring 2014\CECS 282 C++\project1_Othello_Game\project1_Othello_Game\Debug\CL.write.1.tlog
C:\Users\Kelby\Documents\Spring 2014\CECS 282 C++\project1_Othello_Game\project1_Othello_Game\Debug\link-cvtres.read.1.tlog
C:\Users\Kelby\Documents\Spring 2014\CECS 282 C++\project1_Othello_Game\project1_Othello_Game\Debug\link-cvtres.write.1.tlog
C:\Users\Kelby\Documents\Spring 2014\CECS 282 C++\project1_Othello_Game\project1_Othello_Game\Debug\link-rc.read.1.tlog
C:\Users\Kelby\Documents\Spring 2014\CECS 282 C++\project1_Othello_Game\project1_Othello_Game\Debug\link-rc.write.1.tlog
C:\Users\Kelby\Documents\Spring 2014\CECS 282 C++\project1_Othello_Game\project1_Othello_Game\Debug\link.1704-cvtres.read.1.tlog
C:\Users\Kelby\Documents\Spring 2014\CECS 282 C++\project1_Othello_Game\project1_Othello_Game\Debug\link.1704-cvtres.write.1.tlog
C:\Users\Kelby\Documents\Spring 2014\CECS 282 C++\project1_Othello_Game\project1_Othello_Game\Debug\link.1704-rc.read.1.tlog
C:\Users\Kelby\Documents\Spring 2014\CECS 282 C++\project1_Othello_Game\project1_Othello_Game\Debug\link.1704-rc.write.1.tlog
C:\Users\Kelby\Documents\Spring 2014\CECS 282 C++\project1_Othello_Game\project1_Othello_Game\Debug\link.1704.read.1.tlog
C:\Users\Kelby\Documents\Spring 2014\CECS 282 C++\project1_Othello_Game\project1_Othello_Game\Debug\link.1704.write.1.tlog
C:\Users\Kelby\Documents\Spring 2014\CECS 282 C++\project1_Othello_Game\project1_Othello_Game\Debug\link.2580-cvtres.read.1.tlog
C:\Users\Kelby\Documents\Spring 2014\CECS 282 C++\project1_Othello_Game\project1_Othello_Game\Debug\link.2580-cvtres.write.1.tlog
C:\Users\Kelby\Documents\Spring 2014\CECS 282 C++\project1_Othello_Game\project1_Othello_Game\Debug\link.2580-rc.read.1.tlog
C:\Users\Kelby\Documents\Spring 2014\CECS 282 C++\project1_Othello_Game\project1_Othello_Game\Debug\link.2580-rc.write.1.tlog
C:\Users\Kelby\Documents\Spring 2014\CECS 282 C++\project1_Othello_Game\project1_Othello_Game\Debug\link.2580.read.1.tlog
C:\Users\Kelby\Documents\Spring 2014\CECS 282 C++\project1_Othello_Game\project1_Othello_Game\Debug\link.2580.write.1.tlog
C:\Users\Kelby\Documents\Spring 2014\CECS 282 C++\project1_Othello_Game\project1_Othello_Game\Debug\link.4540-cvtres.read.1.tlog
C:\Users\Kelby\Documents\Spring 2014\CECS 282 C++\project1_Othello_Game\project1_Othello_Game\Debug\link.4540-cvtres.write.1.tlog
C:\Users\Kelby\Documents\Spring 2014\CECS 282 C++\project1_Othello_Game\project1_Othello_Game\Debug\link.4540-rc.read.1.tlog
C:\Users\Kelby\Documents\Spring 2014\CECS 282 C++\project1_Othello_Game\project1_Othello_Game\Debug\link.4540-rc.write.1.tlog
C:\Users\Kelby\Documents\Spring 2014\CECS 282 C++\project1_Othello_Game\project1_Othello_Game\Debug\link.4540.read.1.tlog
C:\Users\Kelby\Documents\Spring 2014\CECS 282 C++\project1_Othello_Game\project1_Othello_Game\Debug\link.4540.write.1.tlog
C:\Users\Kelby\Documents\Spring 2014\CECS 282 C++\project1_Othello_Game\project1_Othello_Game\Debug\link.6908-cvtres.read.1.tlog
C:\Users\Kelby\Documents\Spring 2014\CECS 282 C++\project1_Othello_Game\project1_Othello_Game\Debug\link.6908-cvtres.write.1.tlog
C:\Users\Kelby\Documents\Spring 2014\CECS 282 C++\project1_Othello_Game\project1_Othello_Game\Debug\link.6908-rc.read.1.tlog
C:\Users\Kelby\Documents\Spring 2014\CECS 282 C++\project1_Othello_Game\project1_Othello_Game\Debug\link.6908-rc.write.1.tlog
C:\Users\Kelby\Documents\Spring 2014\CECS 282 C++\project1_Othello_Game\project1_Othello_Game\Debug\link.6908.read.1.tlog
C:\Users\Kelby\Documents\Spring 2014\CECS 282 C++\project1_Othello_Game\project1_Othello_Game\Debug\link.6908.write.1.tlog
C:\Users\Kelby\Documents\Spring 2014\CECS 282 C++\project1_Othello_Game\project1_Othello_Game\Debug\link.7808-cvtres.read.1.tlog
C:\Users\Kelby\Documents\Spring 2014\CECS 282 C++\project1_Othello_Game\project1_Othello_Game\Debug\link.7808-cvtres.write.1.tlog
C:\Users\Kelby\Documents\Spring 2014\CECS 282 C++\project1_Othello_Game\project1_Othello_Game\Debug\link.7808-rc.read.1.tlog
C:\Users\Kelby\Documents\Spring 2014\CECS 282 C++\project1_Othello_Game\project1_Othello_Game\Debug\link.7808-rc.write.1.tlog
C:\Users\Kelby\Documents\Spring 2014\CECS 282 C++\project1_Othello_Game\project1_Othello_Game\Debug\link.7808.read.1.tlog
C:\Users\Kelby\Documents\Spring 2014\CECS 282 C++\project1_Othello_Game\project1_Othello_Game\Debug\link.7808.write.1.tlog
C:\Users\Kelby\Documents\Spring 2014\CECS 282 C++\project1_Othello_Game\project1_Othello_Game\Debug\link.8288-cvtres.read.1.tlog
C:\Users\Kelby\Documents\Spring 2014\CECS 282 C++\project1_Othello_Game\project1_Othello_Game\Debug\link.8288-cvtres.write.1.tlog
C:\Users\Kelby\Documents\Spring 2014\CECS 282 C++\project1_Othello_Game\project1_Othello_Game\Debug\link.8288-rc.read.1.tlog
C:\Users\Kelby\Documents\Spring 2014\CECS 282 C++\project1_Othello_Game\project1_Othello_Game\Debug\link.8288-rc.write.1.tlog
C:\Users\Kelby\Documents\Spring 2014\CECS 282 C++\project1_Othello_Game\project1_Othello_Game\Debug\link.8288.read.1.tlog
C:\Users\Kelby\Documents\Spring 2014\CECS 282 C++\project1_Othello_Game\project1_Othello_Game\Debug\link.8288.write.1.tlog
C:\Users\Kelby\Documents\Spring 2014\CECS 282 C++\project1_Othello_Game\project1_Othello_Game\Debug\link.8348-cvtres.read.1.tlog
C:\Users\Kelby\Documents\Spring 2014\CECS 282 C++\project1_Othello_Game\project1_Othello_Game\Debug\link.8348-cvtres.write.1.tlog
C:\Users\Kelby\Documents\Spring 2014\CECS 282 C++\project1_Othello_Game\project1_Othello_Game\Debug\link.8348-rc.read.1.tlog
C:\Users\Kelby\Documents\Spring 2014\CECS 282 C++\project1_Othello_Game\project1_Othello_Game\Debug\link.8348-rc.write.1.tlog
C:\Users\Kelby\Documents\Spring 2014\CECS 282 C++\project1_Othello_Game\project1_Othello_Game\Debug\link.8348.read.1.tlog
C:\Users\Kelby\Documents\Spring 2014\CECS 282 C++\project1_Othello_Game\project1_Othello_Game\Debug\link.8348.write.1.tlog
C:\Users\Kelby\Documents\Spring 2014\CECS 282 C++\project1_Othello_Game\project1_Othello_Game\Debug\link.840.read.1.tlog
C:\Users\Kelby\Documents\Spring 2014\CECS 282 C++\project1_Othello_Game\project1_Othello_Game\Debug\link.840.write.1.tlog
C:\Users\Kelby\Documents\Spring 2014\CECS 282 C++\project1_Othello_Game\project1_Othello_Game\Debug\link.852-cvtres.read.1.tlog
C:\Users\Kelby\Documents\Spring 2014\CECS 282 C++\project1_Othello_Game\project1_Othello_Game\Debug\link.852-cvtres.write.1.tlog
C:\Users\Kelby\Documents\Spring 2014\CECS 282 C++\project1_Othello_Game\project1_Othello_Game\Debug\link.852-rc.read.1.tlog
C:\Users\Kelby\Documents\Spring 2014\CECS 282 C++\project1_Othello_Game\project1_Othello_Game\Debug\link.852-rc.write.1.tlog
C:\Users\Kelby\Documents\Spring 2014\CECS 282 C++\project1_Othello_Game\project1_Othello_Game\Debug\link.852.read.1.tlog
C:\Users\Kelby\Documents\Spring 2014\CECS 282 C++\project1_Othello_Game\project1_Othello_Game\Debug\link.852.write.1.tlog
C:\Users\Kelby\Documents\Spring 2014\CECS 282 C++\project1_Othello_Game\project1_Othello_Game\Debug\link.892-cvtres.read.1.tlog
C:\Users\Kelby\Documents\Spring 2014\CECS 282 C++\project1_Othello_Game\project1_Othello_Game\Debug\link.892-cvtres.write.1.tlog
C:\Users\Kelby\Documents\Spring 2014\CECS 282 C++\project1_Othello_Game\project1_Othello_Game\Debug\link.892-rc.read.1.tlog
C:\Users\Kelby\Documents\Spring 2014\CECS 282 C++\project1_Othello_Game\project1_Othello_Game\Debug\link.892-rc.write.1.tlog
C:\Users\Kelby\Documents\Spring 2014\CECS 282 C++\project1_Othello_Game\project1_Othello_Game\Debug\link.892.read.1.tlog
C:\Users\Kelby\Documents\Spring 2014\CECS 282 C++\project1_Othello_Game\project1_Othello_Game\Debug\link.892.write.1.tlog
C:\Users\Kelby\Documents\Spring 2014\CECS 282 C++\project1_Othello_Game\project1_Othello_Game\Debug\link.command.1.tlog
C:\Users\Kelby\Documents\Spring 2014\CECS 282 C++\project1_Othello_Game\project1_Othello_Game\Debug\link.read.1.tlog
C:\Users\Kelby\Documents\Spring 2014\CECS 282 C++\project1_Othello_Game\project1_Othello_Game\Debug\link.write.1.tlog
C:\Users\Kelby\Documents\Spring 2014\CECS 282 C++\project1_Othello_Game\project1_Othello_Game\Debug\vc110.idb
C:\Users\Kelby\Documents\Spring 2014\CECS 282 C++\project1_Othello_Game\project1_Othello_Game\Debug\vc110.pdb
C:\Users\Kelby\Documents\Spring 2014\CECS 282 C++\project1_Othello_Game\Debug\project1_Othello_Game.pdb
C:\Users\Kelby\Documents\Spring 2014\CECS 282 C++\project1_Othello_Game\Debug\project1_Othello_Game.exe
C:\Users\Kelby\Documents\Spring 2014\CECS 282 C++\project1_Othello_Game\Debug\project1_Othello_Game.ilk
