D:\C++ SPRING 2014\MONTYHALLPROBLEM\MONTYHALLPROBLEM\DEBUG\MAIN.OBJ
D:\C++ SPRING 2014\MONTYHALLPROBLEM\MONTYHALLPROBLEM\DEBUG\VC110.PDB
D:\C++ SPRING 2014\MONTYHALLPROBLEM\DEBUG\MONTYHALLPROBLEM.ILK
D:\C++ SPRING 2014\MONTYHALLPROBLEM\DEBUG\MONTYHALLPROBLEM.EXE
D:\C++ SPRING 2014\MONTYHALLPROBLEM\DEBUG\MONTYHALLPROBLEM.PDB
D:\C++ Spring 2014\montyHallProblem\montyHallProblem\Debug\main.obj
D:\C++ Spring 2014\montyHallProblem\montyHallProblem\Debug\CL.read.1.tlog
D:\C++ Spring 2014\montyHallProblem\montyHallProblem\Debug\CL.write.1.tlog
D:\C++ Spring 2014\montyHallProblem\montyHallProblem\Debug\cl.command.1.tlog
D:\C++ Spring 2014\montyHallProblem\montyHallProblem\Debug\link-rc.read.1.tlog
D:\C++ Spring 2014\montyHallProblem\montyHallProblem\Debug\link-rc.write.1.tlog
D:\C++ Spring 2014\montyHallProblem\montyHallProblem\Debug\link-cvtres.read.1.tlog
D:\C++ Spring 2014\montyHallProblem\montyHallProblem\Debug\link-cvtres.write.1.tlog
D:\C++ Spring 2014\montyHallProblem\montyHallProblem\Debug\link.read.1.tlog
D:\C++ Spring 2014\montyHallProblem\montyHallProblem\Debug\link.write.1.tlog
D:\C++ Spring 2014\montyHallProblem\montyHallProblem\Debug\link.command.1.tlog
D:\C++ Spring 2014\montyHallProblem\montyHallProblem\Debug\link.2880-rc.read.1.tlog
D:\C++ Spring 2014\montyHallProblem\montyHallProblem\Debug\link.2880-rc.write.1.tlog
D:\C++ Spring 2014\montyHallProblem\montyHallProblem\Debug\link.2880-cvtres.read.1.tlog
D:\C++ Spring 2014\montyHallProblem\montyHallProblem\Debug\link.2880-cvtres.write.1.tlog
D:\C++ Spring 2014\montyHallProblem\montyHallProblem\Debug\link.2880.read.1.tlog
D:\C++ Spring 2014\montyHallProblem\montyHallProblem\Debug\link.2880.write.1.tlog
D:\C++ Spring 2014\montyHallProblem\montyHallProblem\Debug\vc110.idb
D:\C++ Spring 2014\montyHallProblem\montyHallProblem\Debug\vc110.pdb
D:\C++ Spring 2014\montyHallProblem\Debug\montyHallProblem.pdb
D:\C++ Spring 2014\montyHallProblem\Debug\montyHallProblem.exe
D:\C++ Spring 2014\montyHallProblem\Debug\montyHallProblem.ilk
